#
# There is insufficient memory for the Java Runtime Environment to continue.
# Native memory allocation (mmap) failed to map 37748736 bytes for Failed to commit area from 0x0000000089e00000 to 0x000000008c200000 of length 37748736.
# Possible reasons:
#   The system is out of physical RAM or swap space
#   The process is running with CompressedOops enabled, and the Java Heap may be blocking the growth of the native heap
# Possible solutions:
#   Reduce memory load on the system
#   Increase physical memory or swap space
#   Check if swap backing store is full
#   Decrease Java heap size (-Xmx/-Xms)
#   Decrease number of Java threads
#   Decrease Java thread stack sizes (-Xss)
#   Set larger code cache with -XX:ReservedCodeCacheSize=
#   JVM is running with Unscaled Compressed Oops mode in which the Java heap is
#     placed in the first 4GB address space. The Java Heap base address is the
#     maximum limit for the native heap growth. Please use -XX:HeapBaseMinAddress
#     to set the Java Heap base and to place the Java Heap above 4GB virtual address.
# This output file may be truncated or incomplete.
#
#  Out of Memory Error (./src/hotspot/os/windows/os_windows.cpp:3301), pid=5744, tid=13336
#
# JRE version: OpenJDK Runtime Environment (11.0.10) (build 11.0.10+0-b96-7249189)
# Java VM: OpenJDK 64-Bit Server VM (11.0.10+0-b96-7249189, mixed mode, tiered, compressed oops, g1 gc, windows-amd64)
# No core dump will be written. Minidumps are not enabled by default on client versions of Windows
#

---------------  S U M M A R Y ------------

Command Line: org.jetbrains.kotlin.cli.jvm.K2JVMCompiler @D:\PDP\Android\Projects\USSDUzmobile\app\build\20210831_16779004881119957130.compiler.options

Host: Intel(R) Core(TM) i7-7500U CPU @ 2.70GHz, 4 cores, 7G,  Windows 10 , 64 bit Build 19041 (10.0.19041.1151)
Time: Tue Aug 31 17:52:06 2021 West Asia Standard Time elapsed time: 4.521111 seconds (0d 0h 0m 4s)

---------------  T H R E A D  ---------------

Current thread (0x000001dfefe16800):  VMThread "VM Thread" [stack: 0x000000d8ce100000,0x000000d8ce200000] [id=13336]

Stack: [0x000000d8ce100000,0x000000d8ce200000]
[error occurred during error reporting (printing stack bounds), id 0xc0000005, EXCEPTION_ACCESS_VIOLATION (0xc0000005) at pc=0x000001dfd9e60f2d]

Native frames: (J=compiled Java code, j=interpreted, Vv=VM code, C=native code)
V  [jvm.dll+0x5ecfaa]
V  [jvm.dll+0x722bd5]
V  [jvm.dll+0x72412d]
V  [jvm.dll+0x724745]
V  [jvm.dll+0x7246fb]
V  [jvm.dll+0x5ec348]
V  [jvm.dll+0x5ecad8]
C  [ntdll.dll+0xa217f]
C  [ntdll.dll+0x51454]
C  [ntdll.dll+0xa0cae]
C  0x000001dfd9e60f2d

VM_Operation (0x000000d8cdbf5b60): G1CollectForAllocation, mode: safepoint, requested by thread 0x000001dfd6380800


---------------  P R O C E S S  ---------------

Threads class SMR info:
_java_thread_list=0x000001dff0fc6980, length=11, elements={
0x000001dfd6380800, 0x000001dfefe3b800, 0x000001dfefe3d800, 0x000001dff07bb000,
0x000001dff07bc000, 0x000001dff07bf800, 0x000001dfefe56800, 0x000001dfefe59800,
0x000001dfefe5b000, 0x000001dff0921800, 0x000001dff091d000
}

Java Threads: ( => current thread )
  0x000001dfd6380800 JavaThread "main" [_thread_blocked, id=1212, stack(0x000000d8cdb00000,0x000000d8cdc00000)]
  0x000001dfefe3b800 JavaThread "Reference Handler" daemon [_thread_blocked, id=10440, stack(0x000000d8ce200000,0x000000d8ce300000)]
  0x000001dfefe3d800 JavaThread "Finalizer" daemon [_thread_blocked, id=7008, stack(0x000000d8ce300000,0x000000d8ce400000)]
  0x000001dff07bb000 JavaThread "Signal Dispatcher" daemon [_thread_blocked, id=13984, stack(0x000000d8ce400000,0x000000d8ce500000)]
  0x000001dff07bc000 JavaThread "Attach Listener" daemon [_thread_blocked, id=5628, stack(0x000000d8ce500000,0x000000d8ce600000)]
  0x000001dff07bf800 JavaThread "Service Thread" daemon [_thread_blocked, id=3312, stack(0x000000d8ce600000,0x000000d8ce700000)]
  0x000001dfefe56800 JavaThread "C2 CompilerThread0" daemon [_thread_blocked, id=5276, stack(0x000000d8ce700000,0x000000d8ce800000)]
  0x000001dfefe59800 JavaThread "C1 CompilerThread0" daemon [_thread_blocked, id=11816, stack(0x000000d8ce800000,0x000000d8ce900000)]
  0x000001dfefe5b000 JavaThread "Sweeper thread" daemon [_thread_blocked, id=12620, stack(0x000000d8ce900000,0x000000d8cea00000)]
  0x000001dff0921800 JavaThread "Common-Cleaner" daemon [_thread_blocked, id=14988, stack(0x000000d8ceb00000,0x000000d8cec00000)]
  0x000001dff091d000 JavaThread "C2 CompilerThread1" daemon [_thread_in_native, id=4368, stack(0x000000d8cec00000,0x000000d8ced00000)]

Other Threads:
=>0x000001dfefe16800 VMThread "VM Thread" [stack: 0x000000d8ce100000,0x000000d8ce200000] [id=13336]
  0x000001dff091c800 WatcherThread [stack: 0x000000d8cea00000,0x000000d8ceb00000] [id=11044]
  0x000001dfd639a800 GCTaskThread "GC Thread#0" [stack: 0x000000d8cdc00000,0x000000d8cdd00000] [id=14316]
  0x000001dff0e19800 GCTaskThread "GC Thread#1" [stack: 0x000000d8ced00000,0x000000d8cee00000] [id=12424]
  0x000001dff0e1b000 GCTaskThread "GC Thread#2" [stack: 0x000000d8cee00000,0x000000d8cef00000] [id=10996]
  0x000001dfd63ca800 ConcurrentGCThread "G1 Main Marker" [stack: 0x000000d8cdd00000,0x000000d8cde00000] [id=4644]
  0x000001dfd63ce000 ConcurrentGCThread "G1 Conc#0" [stack: 0x000000d8cde00000,0x000000d8cdf00000] [id=9060]
  0x000001dfefc80800 ConcurrentGCThread "G1 Refine#0" [stack: 0x000000d8cdf00000,0x000000d8ce000000] [id=10392]
  0x000001dfefc81000 ConcurrentGCThread "G1 Young RemSet Sampling" [stack: 0x000000d8ce000000,0x000000d8ce100000] [id=15924]

Threads with active compile tasks:
C2 CompilerThread0   4550 3462       4       java.text.StringCharacterIterator::current (37 bytes)
C2 CompilerThread1   4550 3294       4       jdk.internal.loader.BuiltinClassLoader::defineClass (121 bytes)

VM state:at safepoint (normal execution)

VM Mutex/Monitor currently owned by a thread:  ([mutex/lock_event])
[0x000001dfd637c840] Threads_lock - owner thread: 0x000001dfefe16800
[0x000001dfd637e220] Heap_lock - owner thread: 0x000001dfd6380800

Heap address: 0x0000000082000000, size: 2016 MB, Compressed Oops mode: 32-bit
Narrow klass base: 0x0000000000000000, Narrow klass shift: 3
Compressed class space size: 1073741824 Address: 0x0000000100000000

Heap:
 garbage-first heap   total 165888K, used 31744K [0x0000000082000000, 0x0000000100000000)
  region size 1024K, 7 young (7168K), 7 survivors (7168K)
 Metaspace       used 46568K, capacity 47113K, committed 47440K, reserved 1091584K
  class space    used 5480K, capacity 5675K, committed 5760K, reserved 1048576K
Heap Regions: E=young(eden), S=young(survivor), O=old, HS=humongous(starts), HC=humongous(continues), CS=collection set, F=free, A=archive, TAMS=top-at-mark-start (previous, next)
|   0|0x0000000082000000, 0x0000000082100000, 0x0000000082100000|100%|HS|  |TAMS 0x0000000082100000, 0x0000000082100000| Complete 
|   1|0x0000000082100000, 0x0000000082200000, 0x0000000082200000|100%|HC|  |TAMS 0x0000000082200000, 0x0000000082200000| Complete 
|   2|0x0000000082200000, 0x0000000082300000, 0x0000000082300000|100%|HC|  |TAMS 0x0000000082300000, 0x0000000082300000| Complete 
|   3|0x0000000082300000, 0x0000000082400000, 0x0000000082400000|100%| O|  |TAMS 0x0000000082400000, 0x0000000082400000| Untracked 
|   4|0x0000000082400000, 0x0000000082500000, 0x0000000082500000|100%| O|  |TAMS 0x0000000082500000, 0x0000000082500000| Untracked 
|   5|0x0000000082500000, 0x0000000082600000, 0x0000000082600000|100%|HS|  |TAMS 0x0000000082600000, 0x0000000082600000| Complete 
|   6|0x0000000082600000, 0x0000000082700000, 0x0000000082700000|100%|HC|  |TAMS 0x0000000082700000, 0x0000000082700000| Complete 
|   7|0x0000000082700000, 0x0000000082800000, 0x0000000082800000|100%|HC|  |TAMS 0x0000000082800000, 0x0000000082800000| Complete 
|   8|0x0000000082800000, 0x0000000082900000, 0x0000000082900000|100%|HS|  |TAMS 0x0000000082900000, 0x0000000082900000| Complete 
|   9|0x0000000082900000, 0x0000000082a00000, 0x0000000082a00000|100%|HC|  |TAMS 0x0000000082a00000, 0x0000000082a00000| Complete 
|  10|0x0000000082a00000, 0x0000000082b00000, 0x0000000082b00000|100%|HC|  |TAMS 0x0000000082b00000, 0x0000000082b00000| Complete 
|  11|0x0000000082b00000, 0x0000000082c00000, 0x0000000082c00000|100%| O|  |TAMS 0x0000000082c00000, 0x0000000082c00000| Untracked 
|  12|0x0000000082c00000, 0x0000000082d00000, 0x0000000082d00000|100%| O|  |TAMS 0x0000000082d00000, 0x0000000082d00000| Untracked 
|  13|0x0000000082d00000, 0x0000000082e00000, 0x0000000082e00000|100%| O|  |TAMS 0x0000000082e00000, 0x0000000082e00000| Untracked 
|  14|0x0000000082e00000, 0x0000000082f00000, 0x0000000082f00000|100%| O|  |TAMS 0x0000000082f00000, 0x0000000082f00000| Untracked 
|  15|0x0000000082f00000, 0x0000000083000000, 0x0000000083000000|100%|HS|  |TAMS 0x0000000082f00000, 0x0000000083000000| Complete 
|  16|0x0000000083000000, 0x0000000083100000, 0x0000000083100000|100%|HC|  |TAMS 0x0000000083000000, 0x0000000083100000| Complete 
|  17|0x0000000083100000, 0x0000000083200000, 0x0000000083200000|100%| O|  |TAMS 0x0000000083200000, 0x0000000083200000| Untracked 
|  18|0x0000000083200000, 0x0000000083300000, 0x0000000083300000|100%| O|  |TAMS 0x0000000083300000, 0x0000000083300000| Untracked 
|  19|0x0000000083300000, 0x0000000083400000, 0x0000000083400000|100%| O|  |TAMS 0x0000000083400000, 0x0000000083400000| Untracked 
|  20|0x0000000083400000, 0x0000000083500000, 0x0000000083500000|100%| O|  |TAMS 0x0000000083500000, 0x0000000083500000| Untracked 
|  21|0x0000000083500000, 0x0000000083600000, 0x0000000083600000|100%| O|  |TAMS 0x0000000083600000, 0x0000000083600000| Untracked 
|  22|0x0000000083600000, 0x0000000083700000, 0x0000000083700000|100%| O|  |TAMS 0x0000000083700000, 0x0000000083700000| Untracked 
|  23|0x0000000083700000, 0x0000000083800000, 0x0000000083800000|100%| O|  |TAMS 0x000000008373d200, 0x0000000083800000| Untracked 
|  24|0x0000000083800000, 0x0000000083800000, 0x0000000083900000|  0%| F|  |TAMS 0x0000000083800000, 0x0000000083800000| Untracked 
|  25|0x0000000083900000, 0x0000000083900000, 0x0000000083a00000|  0%| F|  |TAMS 0x0000000083900000, 0x0000000083900000| Untracked 
|  26|0x0000000083a00000, 0x0000000083a00000, 0x0000000083b00000|  0%| F|  |TAMS 0x0000000083a00000, 0x0000000083a00000| Untracked 
|  27|0x0000000083b00000, 0x0000000083b00000, 0x0000000083c00000|  0%| F|  |TAMS 0x0000000083b00000, 0x0000000083b00000| Untracked 
|  28|0x0000000083c00000, 0x0000000083c00000, 0x0000000083d00000|  0%| F|  |TAMS 0x0000000083c00000, 0x0000000083c00000| Untracked 
|  29|0x0000000083d00000, 0x0000000083d00000, 0x0000000083e00000|  0%| F|  |TAMS 0x0000000083d00000, 0x0000000083d00000| Untracked 
|  30|0x0000000083e00000, 0x0000000083e00000, 0x0000000083f00000|  0%| F|  |TAMS 0x0000000083e00000, 0x0000000083e00000| Untracked 
|  31|0x0000000083f00000, 0x0000000083f00000, 0x0000000084000000|  0%| F|  |TAMS 0x0000000083f00000, 0x0000000083f00000| Untracked 
|  32|0x0000000084000000, 0x0000000084000000, 0x0000000084100000|  0%| F|  |TAMS 0x0000000084000000, 0x0000000084000000| Untracked 
|  33|0x0000000084100000, 0x0000000084100000, 0x0000000084200000|  0%| F|  |TAMS 0x0000000084100000, 0x0000000084100000| Untracked 
|  34|0x0000000084200000, 0x0000000084200000, 0x0000000084300000|  0%| F|  |TAMS 0x0000000084200000, 0x0000000084200000| Untracked 
|  35|0x0000000084300000, 0x0000000084300000, 0x0000000084400000|  0%| F|  |TAMS 0x0000000084300000, 0x0000000084300000| Untracked 
|  36|0x0000000084400000, 0x0000000084400000, 0x0000000084500000|  0%| F|  |TAMS 0x0000000084400000, 0x0000000084400000| Untracked 
|  37|0x0000000084500000, 0x0000000084500000, 0x0000000084600000|  0%| F|  |TAMS 0x0000000084500000, 0x0000000084500000| Untracked 
|  38|0x0000000084600000, 0x0000000084600000, 0x0000000084700000|  0%| F|  |TAMS 0x0000000084600000, 0x0000000084600000| Untracked 
|  39|0x0000000084700000, 0x0000000084700000, 0x0000000084800000|  0%| F|  |TAMS 0x0000000084700000, 0x0000000084700000| Untracked 
|  40|0x0000000084800000, 0x0000000084800000, 0x0000000084900000|  0%| F|  |TAMS 0x0000000084800000, 0x0000000084800000| Untracked 
|  41|0x0000000084900000, 0x0000000084900000, 0x0000000084a00000|  0%| F|  |TAMS 0x0000000084900000, 0x0000000084900000| Untracked 
|  42|0x0000000084a00000, 0x0000000084a00000, 0x0000000084b00000|  0%| F|  |TAMS 0x0000000084a00000, 0x0000000084a00000| Untracked 
|  43|0x0000000084b00000, 0x0000000084b00000, 0x0000000084c00000|  0%| F|  |TAMS 0x0000000084b00000, 0x0000000084b00000| Untracked 
|  44|0x0000000084c00000, 0x0000000084c00000, 0x0000000084d00000|  0%| F|  |TAMS 0x0000000084c00000, 0x0000000084c00000| Untracked 
|  45|0x0000000084d00000, 0x0000000084d00000, 0x0000000084e00000|  0%| F|  |TAMS 0x0000000084d00000, 0x0000000084d00000| Untracked 
|  46|0x0000000084e00000, 0x0000000084e00000, 0x0000000084f00000|  0%| F|  |TAMS 0x0000000084e00000, 0x0000000084e00000| Untracked 
|  47|0x0000000084f00000, 0x0000000084f00000, 0x0000000085000000|  0%| F|  |TAMS 0x0000000084f00000, 0x0000000084f00000| Untracked 
|  48|0x0000000085000000, 0x0000000085000000, 0x0000000085100000|  0%| F|  |TAMS 0x0000000085000000, 0x0000000085000000| Untracked 
|  49|0x0000000085100000, 0x0000000085100000, 0x0000000085200000|  0%| F|  |TAMS 0x0000000085100000, 0x0000000085100000| Untracked 
|  50|0x0000000085200000, 0x0000000085200000, 0x0000000085300000|  0%| F|  |TAMS 0x0000000085200000, 0x0000000085200000| Untracked 
|  51|0x0000000085300000, 0x0000000085300000, 0x0000000085400000|  0%| F|  |TAMS 0x0000000085300000, 0x0000000085300000| Untracked 
|  52|0x0000000085400000, 0x0000000085400000, 0x0000000085500000|  0%| F|  |TAMS 0x0000000085400000, 0x0000000085400000| Untracked 
|  53|0x0000000085500000, 0x0000000085500000, 0x0000000085600000|  0%| F|  |TAMS 0x0000000085500000, 0x0000000085500000| Untracked 
|  54|0x0000000085600000, 0x0000000085600000, 0x0000000085700000|  0%| F|  |TAMS 0x0000000085600000, 0x0000000085600000| Untracked 
|  55|0x0000000085700000, 0x0000000085700000, 0x0000000085800000|  0%| F|  |TAMS 0x0000000085700000, 0x0000000085700000| Untracked 
|  56|0x0000000085800000, 0x0000000085800000, 0x0000000085900000|  0%| F|  |TAMS 0x0000000085800000, 0x0000000085800000| Untracked 
|  57|0x0000000085900000, 0x0000000085900000, 0x0000000085a00000|  0%| F|  |TAMS 0x0000000085900000, 0x0000000085900000| Untracked 
|  58|0x0000000085a00000, 0x0000000085a00000, 0x0000000085b00000|  0%| F|  |TAMS 0x0000000085a00000, 0x0000000085a00000| Untracked 
|  59|0x0000000085b00000, 0x0000000085b00000, 0x0000000085c00000|  0%| F|  |TAMS 0x0000000085b00000, 0x0000000085b00000| Untracked 
|  60|0x0000000085c00000, 0x0000000085c00000, 0x0000000085d00000|  0%| F|  |TAMS 0x0000000085c00000, 0x0000000085c00000| Untracked 
|  61|0x0000000085d00000, 0x0000000085d00000, 0x0000000085e00000|  0%| F|  |TAMS 0x0000000085d00000, 0x0000000085d00000| Untracked 
|  62|0x0000000085e00000, 0x0000000085e00000, 0x0000000085f00000|  0%| F|  |TAMS 0x0000000085e00000, 0x0000000085e00000| Untracked 
|  63|0x0000000085f00000, 0x0000000086000000, 0x0000000086000000|100%| S|CS|TAMS 0x0000000085f00000, 0x0000000085f00000| Complete 
|  64|0x0000000086000000, 0x0000000086100000, 0x0000000086100000|100%| S|CS|TAMS 0x0000000086000000, 0x0000000086000000| Complete 
|  65|0x0000000086100000, 0x0000000086200000, 0x0000000086200000|100%| S|CS|TAMS 0x0000000086100000, 0x0000000086100000| Complete 
|  66|0x0000000086200000, 0x0000000086300000, 0x0000000086300000|100%| S|CS|TAMS 0x0000000086200000, 0x0000000086200000| Complete 
|  67|0x0000000086300000, 0x0000000086400000, 0x0000000086400000|100%| S|CS|TAMS 0x0000000086300000, 0x0000000086300000| Complete 
|  68|0x0000000086400000, 0x0000000086500000, 0x0000000086500000|100%| S|CS|TAMS 0x0000000086400000, 0x0000000086400000| Complete 
|  69|0x0000000086500000, 0x0000000086600000, 0x0000000086600000|100%| S|CS|TAMS 0x0000000086500000, 0x0000000086500000| Complete 
|  70|0x0000000086600000, 0x0000000086600000, 0x0000000086700000|  0%| F|  |TAMS 0x0000000086600000, 0x0000000086600000| Untracked 
|  71|0x0000000086700000, 0x0000000086700000, 0x0000000086800000|  0%| F|  |TAMS 0x0000000086700000, 0x0000000086700000| Untracked 
|  72|0x0000000086800000, 0x0000000086800000, 0x0000000086900000|  0%| F|  |TAMS 0x0000000086800000, 0x0000000086800000| Untracked 
|  73|0x0000000086900000, 0x0000000086900000, 0x0000000086a00000|  0%| F|  |TAMS 0x0000000086900000, 0x0000000086900000| Untracked 
|  74|0x0000000086a00000, 0x0000000086a00000, 0x0000000086b00000|  0%| F|  |TAMS 0x0000000086a00000, 0x0000000086a00000| Untracked 
|  75|0x0000000086b00000, 0x0000000086b00000, 0x0000000086c00000|  0%| F|  |TAMS 0x0000000086b00000, 0x0000000086b00000| Untracked 
|  76|0x0000000086c00000, 0x0000000086c00000, 0x0000000086d00000|  0%| F|  |TAMS 0x0000000086c00000, 0x0000000086c00000| Untracked 
|  77|0x0000000086d00000, 0x0000000086d00000, 0x0000000086e00000|  0%| F|  |TAMS 0x0000000086d00000, 0x0000000086d00000| Untracked 
|  78|0x0000000086e00000, 0x0000000086e00000, 0x0000000086f00000|  0%| F|  |TAMS 0x0000000086e00000, 0x0000000086e00000| Untracked 
|  79|0x0000000086f00000, 0x0000000086f00000, 0x0000000087000000|  0%| F|  |TAMS 0x0000000086f00000, 0x0000000086f00000| Untracked 
|  80|0x0000000087000000, 0x0000000087000000, 0x0000000087100000|  0%| F|  |TAMS 0x0000000087000000, 0x0000000087000000| Untracked 
|  81|0x0000000087100000, 0x0000000087100000, 0x0000000087200000|  0%| F|  |TAMS 0x0000000087100000, 0x0000000087100000| Untracked 
|  82|0x0000000087200000, 0x0000000087200000, 0x0000000087300000|  0%| F|  |TAMS 0x0000000087200000, 0x0000000087200000| Untracked 
|  83|0x0000000087300000, 0x0000000087300000, 0x0000000087400000|  0%| F|  |TAMS 0x0000000087300000, 0x0000000087300000| Untracked 
|  84|0x0000000087400000, 0x0000000087400000, 0x0000000087500000|  0%| F|  |TAMS 0x0000000087400000, 0x0000000087400000| Untracked 
|  85|0x0000000087500000, 0x0000000087500000, 0x0000000087600000|  0%| F|  |TAMS 0x0000000087500000, 0x0000000087500000| Untracked 
|  86|0x0000000087600000, 0x0000000087600000, 0x0000000087700000|  0%| F|  |TAMS 0x0000000087600000, 0x0000000087600000| Untracked 
|  87|0x0000000087700000, 0x0000000087700000, 0x0000000087800000|  0%| F|  |TAMS 0x0000000087700000, 0x0000000087700000| Untracked 
|  88|0x0000000087800000, 0x0000000087800000, 0x0000000087900000|  0%| F|  |TAMS 0x0000000087800000, 0x0000000087800000| Untracked 
|  89|0x0000000087900000, 0x0000000087900000, 0x0000000087a00000|  0%| F|  |TAMS 0x0000000087900000, 0x0000000087900000| Untracked 
|  90|0x0000000087a00000, 0x0000000087a00000, 0x0000000087b00000|  0%| F|  |TAMS 0x0000000087a00000, 0x0000000087a00000| Untracked 
|  91|0x0000000087b00000, 0x0000000087b00000, 0x0000000087c00000|  0%| F|  |TAMS 0x0000000087b00000, 0x0000000087b00000| Untracked 
|  92|0x0000000087c00000, 0x0000000087c00000, 0x0000000087d00000|  0%| F|  |TAMS 0x0000000087c00000, 0x0000000087c00000| Untracked 
|  93|0x0000000087d00000, 0x0000000087d00000, 0x0000000087e00000|  0%| F|  |TAMS 0x0000000087d00000, 0x0000000087d00000| Untracked 
|  94|0x0000000087e00000, 0x0000000087e00000, 0x0000000087f00000|  0%| F|  |TAMS 0x0000000087e00000, 0x0000000087e00000| Untracked 
|  95|0x0000000087f00000, 0x0000000087f00000, 0x0000000088000000|  0%| F|  |TAMS 0x0000000087f00000, 0x0000000087f00000| Untracked 
|  96|0x0000000088000000, 0x0000000088000000, 0x0000000088100000|  0%| F|  |TAMS 0x0000000088000000, 0x0000000088000000| Untracked 
|  97|0x0000000088100000, 0x0000000088100000, 0x0000000088200000|  0%| F|  |TAMS 0x0000000088100000, 0x0000000088100000| Untracked 
|  98|0x0000000088200000, 0x0000000088200000, 0x0000000088300000|  0%| F|  |TAMS 0x0000000088200000, 0x0000000088200000| Untracked 
|  99|0x0000000088300000, 0x0000000088300000, 0x0000000088400000|  0%| F|  |TAMS 0x0000000088300000, 0x0000000088300000| Untracked 
| 100|0x0000000088400000, 0x0000000088400000, 0x0000000088500000|  0%| F|  |TAMS 0x0000000088400000, 0x0000000088400000| Untracked 
| 101|0x0000000088500000, 0x0000000088500000, 0x0000000088600000|  0%| F|  |TAMS 0x0000000088500000, 0x0000000088500000| Untracked 
| 102|0x0000000088600000, 0x0000000088600000, 0x0000000088700000|  0%| F|  |TAMS 0x0000000088600000, 0x0000000088600000| Untracked 
| 103|0x0000000088700000, 0x0000000088700000, 0x0000000088800000|  0%| F|  |TAMS 0x0000000088700000, 0x0000000088700000| Untracked 
| 104|0x0000000088800000, 0x0000000088800000, 0x0000000088900000|  0%| F|  |TAMS 0x0000000088800000, 0x0000000088800000| Untracked 
| 105|0x0000000088900000, 0x0000000088900000, 0x0000000088a00000|  0%| F|  |TAMS 0x0000000088900000, 0x0000000088900000| Untracked 
| 106|0x0000000088a00000, 0x0000000088a00000, 0x0000000088b00000|  0%| F|  |TAMS 0x0000000088a00000, 0x0000000088a00000| Untracked 
| 107|0x0000000088b00000, 0x0000000088b00000, 0x0000000088c00000|  0%| F|  |TAMS 0x0000000088b00000, 0x0000000088b00000| Untracked 
| 108|0x0000000088c00000, 0x0000000088c00000, 0x0000000088d00000|  0%| F|  |TAMS 0x0000000088c00000, 0x0000000088c00000| Untracked 
| 109|0x0000000088d00000, 0x0000000088d00000, 0x0000000088e00000|  0%| F|  |TAMS 0x0000000088d00000, 0x0000000088d00000| Untracked 
| 110|0x0000000088e00000, 0x0000000088e00000, 0x0000000088f00000|  0%| F|  |TAMS 0x0000000088e00000, 0x0000000088e00000| Untracked 
| 111|0x0000000088f00000, 0x0000000088f00000, 0x0000000089000000|  0%| F|  |TAMS 0x0000000088f00000, 0x0000000088f00000| Untracked 
| 112|0x0000000089000000, 0x0000000089000000, 0x0000000089100000|  0%| F|  |TAMS 0x0000000089000000, 0x0000000089000000| Untracked 
| 113|0x0000000089100000, 0x0000000089100000, 0x0000000089200000|  0%| F|  |TAMS 0x0000000089100000, 0x0000000089100000| Untracked 
| 114|0x0000000089200000, 0x0000000089200000, 0x0000000089300000|  0%| F|  |TAMS 0x0000000089200000, 0x0000000089200000| Untracked 
| 115|0x0000000089300000, 0x0000000089300000, 0x0000000089400000|  0%| F|  |TAMS 0x0000000089300000, 0x0000000089300000| Untracked 
| 116|0x0000000089400000, 0x0000000089400000, 0x0000000089500000|  0%| F|  |TAMS 0x0000000089400000, 0x0000000089400000| Untracked 
| 117|0x0000000089500000, 0x0000000089500000, 0x0000000089600000|  0%| F|  |TAMS 0x0000000089500000, 0x0000000089500000| Untracked 
| 118|0x0000000089600000, 0x0000000089600000, 0x0000000089700000|  0%| F|  |TAMS 0x0000000089600000, 0x0000000089600000| Untracked 
| 119|0x0000000089700000, 0x0000000089700000, 0x0000000089800000|  0%| F|  |TAMS 0x0000000089700000, 0x0000000089700000| Untracked 
| 120|0x0000000089800000, 0x0000000089800000, 0x0000000089900000|  0%| F|  |TAMS 0x0000000089800000, 0x0000000089800000| Untracked 
| 121|0x0000000089900000, 0x0000000089900000, 0x0000000089a00000|  0%| F|  |TAMS 0x0000000089900000, 0x0000000089900000| Untracked 
| 122|0x0000000089a00000, 0x0000000089a00000, 0x0000000089b00000|  0%| F|  |TAMS 0x0000000089a00000, 0x0000000089a00000| Untracked 
| 123|0x0000000089b00000, 0x0000000089b00000, 0x0000000089c00000|  0%| F|  |TAMS 0x0000000089b00000, 0x0000000089b00000| Untracked 
| 124|0x0000000089c00000, 0x0000000089c00000, 0x0000000089d00000|  0%| F|  |TAMS 0x0000000089c00000, 0x0000000089c00000| Untracked 
| 125|0x0000000089d00000, 0x0000000089d00000, 0x0000000089e00000|  0%| F|  |TAMS 0x0000000089d00000, 0x0000000089d00000| Untracked 

Card table byte_map: [0x000001dfe9250000,0x000001dfe9640000] _byte_map_base: 0x000001dfe8e40000

Marking Bits (Prev, Next): (CMBitMap*) 0x000001dfd63c1b98, (CMBitMap*) 0x000001dfd63c1bd0
 Prev Bits: [0x000001dfe9a30000, 0x000001dfeb9b0000)
 Next Bits: [0x000001dfeb9b0000, 0x000001dfed930000)

Polling page: 0x000001dfd4320000

Metaspace:

Usage:
  Non-class:     40.47 MB capacity,    40.13 MB (>99%) used,   283.77 KB ( <1%) free+waste,    65.94 KB ( <1%) overhead. 
      Class:      5.54 MB capacity,     5.35 MB ( 97%) used,   167.16 KB (  3%) free+waste,    27.75 KB ( <1%) overhead. 
       Both:     46.01 MB capacity,    45.48 MB ( 99%) used,   450.93 KB ( <1%) free+waste,    93.69 KB ( <1%) overhead. 

Virtual space:
  Non-class space:       42.00 MB reserved,      40.70 MB ( 97%) committed 
      Class space:        1.00 GB reserved,       5.63 MB ( <1%) committed 
             Both:        1.04 GB reserved,      46.33 MB (  4%) committed 

Chunk freelists:
   Non-Class:  114.00 KB
       Class:  21.00 KB
        Both:  135.00 KB

MaxMetaspaceSize: 17179869184.00 GB
CompressedClassSpaceSize: 1.00 GB

CodeHeap 'non-profiled nmethods': size=120064Kb used=1349Kb max_used=1349Kb free=118714Kb
 bounds [0x000001dfe1920000, 0x000001dfe1b90000, 0x000001dfe8e60000]
CodeHeap 'profiled nmethods': size=120000Kb used=7470Kb max_used=7470Kb free=112529Kb
 bounds [0x000001dfda3f0000, 0x000001dfdab40000, 0x000001dfe1920000]
CodeHeap 'non-nmethods': size=5696Kb used=1182Kb max_used=1230Kb free=4513Kb
 bounds [0x000001dfd9e60000, 0x000001dfda0d0000, 0x000001dfda3f0000]
 total_blobs=4058 nmethods=3519 adapters=449
 compilation: enabled
              stopped_count=0, restarted_count=0
 full_count=0

Compilation events (20 events):
Event: 4.471 Thread 0x000001dfefe59800 3536       2       org.jetbrains.kotlin.types.ErrorUtils::isError (38 bytes)
Event: 4.472 Thread 0x000001dfefe59800 nmethod 3536 0x000001dfdab36690 code [0x000001dfdab36840, 0x000001dfdab36a28]
Event: 4.477 Thread 0x000001dfefe59800 3539       2       org.jetbrains.kotlin.cli.jvm.index.JvmDependenciesIndexImpl::search (397 bytes)
Event: 4.480 Thread 0x000001dfefe59800 nmethod 3539 0x000001dfdab36b10 code [0x000001dfdab36fa0, 0x000001dfdab385c8]
Event: 4.480 Thread 0x000001dfefe59800 3541       2       org.jetbrains.kotlin.com.intellij.psi.impl.PsiManagerImpl::getProject (13 bytes)
Event: 4.480 Thread 0x000001dfefe59800 nmethod 3541 0x000001dfdab39510 code [0x000001dfdab396c0, 0x000001dfdab397e8]
Event: 4.480 Thread 0x000001dfefe59800 3540       2       gnu.trove.TObjectHash::<init> (10 bytes)
Event: 4.480 Thread 0x000001dfefe59800 nmethod 3540 0x000001dfdab39890 code [0x000001dfdab39a40, 0x000001dfdab39bc8]
Event: 4.481 Thread 0x000001dfefe56800 nmethod 3364 0x000001dfe1a6fb10 code [0x000001dfe1a6fce0, 0x000001dfe1a70478]
Event: 4.481 Thread 0x000001dfefe56800 3398       4       org.jetbrains.kotlin.protobuf.CodedInputStream::readTag (41 bytes)
Event: 4.487 Thread 0x000001dfefe59800 3542       2       jdk.internal.org.objectweb.asm.ClassWriter::<init> (117 bytes)
Event: 4.488 Thread 0x000001dfefe59800 nmethod 3542 0x000001dfdab39c90 code [0x000001dfdab39ec0, 0x000001dfdab3a628]
Event: 4.488 Thread 0x000001dfefe59800 3544       2       jdk.internal.org.objectweb.asm.ClassWriter::visit (121 bytes)
Event: 4.489 Thread 0x000001dfefe59800 nmethod 3544 0x000001dfdab3a790 code [0x000001dfdab3a980, 0x000001dfdab3adf8]
Event: 4.489 Thread 0x000001dfefe59800 3545       2       java.io.File::getName (42 bytes)
Event: 4.489 Thread 0x000001dfefe59800 nmethod 3545 0x000001dfdab3b110 code [0x000001dfdab3b300, 0x000001dfdab3b518]
Event: 4.489 Thread 0x000001dfefe59800 3543       2       jdk.internal.org.objectweb.asm.ClassVisitor::<init> (7 bytes)
Event: 4.489 Thread 0x000001dfefe59800 nmethod 3543 0x000001dfdab3b690 code [0x000001dfdab3b840, 0x000001dfdab3ba28]
Event: 4.493 Thread 0x000001dfefe56800 nmethod 3398 0x000001dfe1a70910 code [0x000001dfe1a70ae0, 0x000001dfe1a71138]
Event: 4.493 Thread 0x000001dfefe56800 3462       4       java.text.StringCharacterIterator::current (37 bytes)

GC Heap History (9 events):
Event: 0.482 GC heap before
{Heap before GC invocations=0 (full 0):
 garbage-first heap   total 129024K, used 17408K [0x0000000082000000, 0x0000000100000000)
  region size 1024K, 14 young (14336K), 0 survivors (0K)
 Metaspace       used 9805K, capacity 9935K, committed 10112K, reserved 1058816K
  class space    used 834K, capacity 884K, committed 896K, reserved 1048576K
}
Event: 0.486 GC heap after
{Heap after GC invocations=1 (full 0):
 garbage-first heap   total 129024K, used 5287K [0x0000000082000000, 0x0000000100000000)
  region size 1024K, 2 young (2048K), 2 survivors (2048K)
 Metaspace       used 9805K, capacity 9935K, committed 10112K, reserved 1058816K
  class space    used 834K, capacity 884K, committed 896K, reserved 1048576K
}
Event: 1.435 GC heap before
{Heap before GC invocations=1 (full 0):
 garbage-first heap   total 129024K, used 52391K [0x0000000082000000, 0x0000000100000000)
  region size 1024K, 49 young (50176K), 2 survivors (2048K)
 Metaspace       used 20996K, capacity 21148K, committed 21248K, reserved 1069056K
  class space    used 2215K, capacity 2278K, committed 2304K, reserved 1048576K
}
Event: 1.450 GC heap after
{Heap after GC invocations=2 (full 0):
 garbage-first heap   total 129024K, used 9505K [0x0000000082000000, 0x0000000100000000)
  region size 1024K, 7 young (7168K), 7 survivors (7168K)
 Metaspace       used 20996K, capacity 21148K, committed 21248K, reserved 1069056K
  class space    used 2215K, capacity 2278K, committed 2304K, reserved 1048576K
}
Event: 2.507 GC heap before
{Heap before GC invocations=3 (full 0):
 garbage-first heap   total 129024K, used 69921K [0x0000000082000000, 0x0000000100000000)
  region size 1024K, 54 young (55296K), 7 survivors (7168K)
 Metaspace       used 31090K, capacity 31494K, committed 31740K, reserved 1077248K
  class space    used 3851K, capacity 4015K, committed 4096K, reserved 1048576K
}
Event: 2.528 GC heap after
{Heap after GC invocations=4 (full 0):
 garbage-first heap   total 129024K, used 24436K [0x0000000082000000, 0x0000000100000000)
  region size 1024K, 7 young (7168K), 7 survivors (7168K)
 Metaspace       used 31090K, capacity 31494K, committed 31740K, reserved 1077248K
  class space    used 3851K, capacity 4015K, committed 4096K, reserved 1048576K
}
Event: 3.059 GC heap before
{Heap before GC invocations=4 (full 0):
 garbage-first heap   total 129024K, used 43892K [0x0000000082000000, 0x0000000100000000)
  region size 1024K, 27 young (27648K), 7 survivors (7168K)
 Metaspace       used 35405K, capacity 35839K, committed 36048K, reserved 1081344K
  class space    used 4333K, capacity 4502K, committed 4608K, reserved 1048576K
}
Event: 3.086 GC heap after
{Heap after GC invocations=5 (full 0):
 garbage-first heap   total 129024K, used 23796K [0x0000000082000000, 0x0000000100000000)
  region size 1024K, 2 young (2048K), 2 survivors (2048K)
 Metaspace       used 35405K, capacity 35839K, committed 36048K, reserved 1081344K
  class space    used 4333K, capacity 4502K, committed 4608K, reserved 1048576K
}
Event: 4.493 GC heap before
{Heap before GC invocations=6 (full 0):
 garbage-first heap   total 129024K, used 81140K [0x0000000082000000, 0x0000000100000000)
  region size 1024K, 56 young (57344K), 2 survivors (2048K)
 Metaspace       used 46568K, capacity 47113K, committed 47440K, reserved 1091584K
  class space    used 5480K, capacity 5675K, committed 5760K, reserved 1048576K
}

Deoptimization events (20 events):
Event: 4.162 Thread 0x000001dfd6380800 Uncommon trap: trap_request=0xffffffc6 fr.pc=0x000001dfe1a087a4 relative=0x00000000000005a4
Event: 4.162 Thread 0x000001dfd6380800 Uncommon trap: reason=bimorphic_or_optimized_type_check action=maybe_recompile pc=0x000001dfe1a087a4 method=org.jetbrains.kotlin.protobuf.CodedInputStream.tryRefillBuffer(I)Z @ 177 c2
Event: 4.162 Thread 0x000001dfd6380800 DEOPT PACKING pc=0x000001dfe1a087a4 sp=0x000000d8cdbf8500
Event: 4.162 Thread 0x000001dfd6380800 DEOPT UNPACKING pc=0x000001dfd9e878af sp=0x000000d8cdbf83e0 mode 2
Event: 4.183 Thread 0x000001dfd6380800 Uncommon trap: trap_request=0xffffffc6 fr.pc=0x000001dfe1a087a4 relative=0x00000000000005a4
Event: 4.184 Thread 0x000001dfd6380800 Uncommon trap: reason=bimorphic_or_optimized_type_check action=maybe_recompile pc=0x000001dfe1a087a4 method=org.jetbrains.kotlin.protobuf.CodedInputStream.tryRefillBuffer(I)Z @ 177 c2
Event: 4.184 Thread 0x000001dfd6380800 DEOPT PACKING pc=0x000001dfe1a087a4 sp=0x000000d8cdbf8bd0
Event: 4.184 Thread 0x000001dfd6380800 DEOPT UNPACKING pc=0x000001dfd9e878af sp=0x000000d8cdbf8ab8 mode 2
Event: 4.219 Thread 0x000001dfd6380800 Uncommon trap: trap_request=0xffffff4d fr.pc=0x000001dfe1a57910 relative=0x0000000000000530
Event: 4.219 Thread 0x000001dfd6380800 Uncommon trap: reason=unstable_if action=reinterpret pc=0x000001dfe1a57910 method=org.jetbrains.org.objectweb.asm.ClassReader.readUtf(II[C)Ljava/lang/String; @ 41 c2
Event: 4.219 Thread 0x000001dfd6380800 DEOPT PACKING pc=0x000001dfe1a57910 sp=0x000000d8cdbf8870
Event: 4.220 Thread 0x000001dfd6380800 DEOPT UNPACKING pc=0x000001dfd9e878af sp=0x000000d8cdbf8818 mode 2
Event: 4.244 Thread 0x000001dfd6380800 DEOPT PACKING pc=0x000001dfda96cbff sp=0x000000d8cdbf8d40
Event: 4.244 Thread 0x000001dfd6380800 DEOPT UNPACKING pc=0x000001dfd9e876ce sp=0x000000d8cdbf8190 mode 0
Event: 4.256 Thread 0x000001dfd6380800 Uncommon trap: trap_request=0xffffffc6 fr.pc=0x000001dfe1a087a4 relative=0x00000000000005a4
Event: 4.257 Thread 0x000001dfd6380800 Uncommon trap: reason=bimorphic_or_optimized_type_check action=maybe_recompile pc=0x000001dfe1a087a4 method=org.jetbrains.kotlin.protobuf.CodedInputStream.tryRefillBuffer(I)Z @ 177 c2
Event: 4.257 Thread 0x000001dfd6380800 DEOPT PACKING pc=0x000001dfe1a087a4 sp=0x000000d8cdbf90b0
Event: 4.257 Thread 0x000001dfd6380800 DEOPT UNPACKING pc=0x000001dfd9e878af sp=0x000000d8cdbf8f98 mode 2
Event: 4.411 Thread 0x000001dfd6380800 DEOPT PACKING pc=0x000001dfda7d64f4 sp=0x000000d8cdbf8d40
Event: 4.411 Thread 0x000001dfd6380800 DEOPT UNPACKING pc=0x000001dfd9e876ce sp=0x000000d8cdbf82e0 mode 0

Classes redefined (0 events):
No events

Internal exceptions (20 events):
Event: 1.391 Thread 0x000001dfd6380800 Exception <a 'java/lang/NoSuchMethodError'{0x0000000087051890}: 'long java.lang.invoke.DirectMethodHandle$Holder.invokeStaticInit(java.lang.Object)'> (0x0000000087051890) thrown at [./src/hotspot/share/interpreter/linkResolver.cpp, line 773]
Event: 1.462 Thread 0x000001dfd6380800 Exception <a 'java/lang/NoSuchMethodError'{0x0000000089d53b18}: 'int java.lang.invoke.DirectMethodHandle$Holder.invokeStaticInit(java.lang.Object, java.lang.Object, java.lang.Object)'> (0x0000000089d53b18) thrown at [./src/hotspot/share/interpreter/linkResolver.cpp, line 773]
Event: 1.468 Thread 0x000001dfd6380800 Exception <a 'java/lang/NoSuchMethodError'{0x0000000089d7f560}: 'int java.lang.invoke.DirectMethodHandle$Holder.invokeStaticInit(java.lang.Object, java.lang.Object)'> (0x0000000089d7f560) thrown at [./src/hotspot/share/interpreter/linkResolver.cpp, line 773]
Event: 1.698 Thread 0x000001dfd6380800 Exception <a 'java/lang/NoSuchMethodError'{0x0000000089380a78}: 'java.lang.Object java.lang.invoke.DirectMethodHandle$Holder.invokeStatic(java.lang.Object, java.lang.Object, java.lang.Object, java.lang.Object, java.lang.Object, java.lang.Object, java.lang.Object, java.lang.Object, java.lang.Object, java.lang.Object, java.lang.Object, java.lang.Object, java.lang.Object, java.lang.Object, java.lang.Object)'> (0x0000000089380a78) thrown at [./src/hotspot/share/interpreter/linkResolver.cpp, line 773]
Event: 1.700 Thread 0x000001dfd6380800 Exception <a 'java/lang/NoSuchMethodError'{0x000000008938ea80}: 'java.lang.Object java.lang.invoke.DirectMethodHandle$Holder.invokeStatic(java.lang.Object, java.lang.Object, java.lang.Object, java.lang.Object, java.lang.Object, java.lang.Object, java.lang.Object, java.lang.Object, java.lang.Object, java.lang.Object, java.lang.Object, java.lang.Object, java.lang.Object, java.lang.Object, java.lang.Object, java.lang.Object)'> (0x000000008938ea80) thrown at [./src/hotspot/share/interpreter/linkResolver.cpp, l
Event: 1.702 Thread 0x000001dfd6380800 Exception <a 'java/lang/NoSuchMethodError'{0x000000008939c998}: 'java.lang.Object java.lang.invoke.DirectMethodHandle$Holder.invokeSpecial(java.lang.Object, java.lang.Object, int, int, java.lang.Object, java.lang.Object, java.lang.Object)'> (0x000000008939c998) thrown at [./src/hotspot/share/interpreter/linkResolver.cpp, line 773]
Event: 1.702 Thread 0x000001dfd6380800 Exception <a 'java/lang/NoSuchMethodError'{0x00000000893a01d0}: 'java.lang.Object java.lang.invoke.DelegatingMethodHandle$Holder.reinvoke_L(java.lang.Object, int, int, java.lang.Object, java.lang.Object, java.lang.Object)'> (0x00000000893a01d0) thrown at [./src/hotspot/share/interpreter/linkResolver.cpp, line 773]
Event: 1.703 Thread 0x000001dfd6380800 Exception <a 'java/lang/NoSuchMethodError'{0x00000000893a4558}: 'java.lang.Object java.lang.invoke.DirectMethodHandle$Holder.invokeStatic(java.lang.Object, java.lang.Object, java.lang.Object, java.lang.Object, int)'> (0x00000000893a4558) thrown at [./src/hotspot/share/interpreter/linkResolver.cpp, line 773]
Event: 1.749 Thread 0x000001dfd6380800 Implicit null exception at 0x000001dfe19a92ac to 0x000001dfe19a945a
Event: 1.781 Thread 0x000001dfd6380800 Exception <a 'java/lang/NoSuchMethodError'{0x0000000088d20980}: 'void java.lang.invoke.DirectMethodHandle$Holder.invokeStatic(java.lang.Object, java.lang.Object, java.lang.Object, java.lang.Object)'> (0x0000000088d20980) thrown at [./src/hotspot/share/interpreter/linkResolver.cpp, line 773]
Event: 1.803 Thread 0x000001dfd6380800 Exception <a 'java/lang/NoSuchMethodError'{0x0000000088c70220}: 'void java.lang.invoke.DirectMethodHandle$Holder.invokeSpecial(java.lang.Object, java.lang.Object)'> (0x0000000088c70220) thrown at [./src/hotspot/share/interpreter/linkResolver.cpp, line 773]
Event: 1.843 Thread 0x000001dfd6380800 Exception <a 'java/lang/NoSuchMethodError'{0x0000000088915390}: 'void java.lang.invoke.DirectMethodHandle$Holder.invokeStaticInit(java.lang.Object, java.lang.Object)'> (0x0000000088915390) thrown at [./src/hotspot/share/interpreter/linkResolver.cpp, line 773]
Event: 1.852 Thread 0x000001dfd6380800 Exception <a 'java/lang/NoSuchMethodError'{0x0000000088953808}: 'void java.lang.invoke.DirectMethodHandle$Holder.invokeInterface(java.lang.Object, java.lang.Object)'> (0x0000000088953808) thrown at [./src/hotspot/share/interpreter/linkResolver.cpp, line 773]
Event: 1.932 Thread 0x000001dfd6380800 Exception <a 'java/lang/NoSuchMethodError'{0x000000008856bb48}: 'void java.lang.invoke.DirectMethodHandle$Holder.invokeVirtual(java.lang.Object, java.lang.Object)'> (0x000000008856bb48) thrown at [./src/hotspot/share/interpreter/linkResolver.cpp, line 773]
Event: 1.941 Thread 0x000001dfd6380800 Exception <a 'java/lang/NoSuchMethodError'{0x00000000885e3018}: 'int java.lang.invoke.DirectMethodHandle$Holder.invokeVirtual(java.lang.Object, java.lang.Object)'> (0x00000000885e3018) thrown at [./src/hotspot/share/interpreter/linkResolver.cpp, line 773]
Event: 2.893 Thread 0x000001dfd6380800 Exception <a 'java/lang/NoSuchMethodError'{0x000000008904e440}: 'java.lang.Object java.lang.invoke.DirectMethodHandle$Holder.invokeVirtual(java.lang.Object, java.lang.Object, java.lang.Object)'> (0x000000008904e440) thrown at [./src/hotspot/share/interpreter/linkResolver.cpp, line 773]
Event: 3.693 Thread 0x000001dfd6380800 Exception <a 'java/lang/NoSuchMethodError'{0x0000000087cbf4b0}: 'java.lang.Object java.lang.invoke.Invokers$Holder.linkToTargetMethod(java.lang.Object, int, java.lang.Object)'> (0x0000000087cbf4b0) thrown at [./src/hotspot/share/interpreter/linkResolver.cpp, line 773]
Event: 3.868 Thread 0x000001dfd6380800 Exception <a 'java/lang/NoSuchMethodError'{0x000000008787f578}: 'java.lang.Object java.lang.invoke.DirectMethodHandle$Holder.invokeStatic(java.lang.Object, java.lang.Object, java.lang.Object, int)'> (0x000000008787f578) thrown at [./src/hotspot/share/interpreter/linkResolver.cpp, line 773]
Event: 3.869 Thread 0x000001dfd6380800 Exception <a 'java/lang/NoSuchMethodError'{0x00000000878831e8}: 'java.lang.Object java.lang.invoke.DirectMethodHandle$Holder.invokeSpecial(java.lang.Object, java.lang.Object, java.lang.Object, java.lang.Object, int)'> (0x00000000878831e8) thrown at [./src/hotspot/share/interpreter/linkResolver.cpp, line 773]
Event: 3.869 Thread 0x000001dfd6380800 Exception <a 'java/lang/NoSuchMethodError'{0x00000000878864f8}: 'java.lang.Object java.lang.invoke.Invokers$Holder.linkToTargetMethod(java.lang.Object, java.lang.Object, int, java.lang.Object)'> (0x00000000878864f8) thrown at [./src/hotspot/share/interpreter/linkResolver.cpp, line 773]

Events (20 events):
Event: 4.487 loading class org/jetbrains/kotlin/com/intellij/psi/impl/source/PsiJavaFileBaseImpl done
Event: 4.487 loading class org/jetbrains/kotlin/com/intellij/util/NotNullFunction
Event: 4.487 loading class org/jetbrains/kotlin/com/intellij/util/NotNullFunction done
Event: 4.488 loading class org/jetbrains/kotlin/com/intellij/psi/impl/source/PsiJavaFileBaseImpl$MyCacheBuilder
Event: 4.488 loading class org/jetbrains/kotlin/com/intellij/psi/impl/source/PsiJavaFileBaseImpl$MyCacheBuilder done
Event: 4.490 loading class org/jetbrains/kotlin/com/intellij/psi/impl/source/tree/java/JavaFileElement
Event: 4.490 loading class org/jetbrains/kotlin/com/intellij/psi/impl/source/tree/java/JavaFileElement done
Event: 4.490 loading class org/jetbrains/kotlin/com/intellij/psi/impl/source/Constants
Event: 4.490 loading class org/jetbrains/kotlin/com/intellij/psi/impl/source/Constants done
Event: 4.491 loading class org/jetbrains/kotlin/com/intellij/psi/impl/source/tree/ElementType
Event: 4.491 loading class org/jetbrains/kotlin/com/intellij/psi/impl/source/tree/ElementType done
Event: 4.491 loading class org/jetbrains/kotlin/com/intellij/psi/JavaDocTokenType
Event: 4.491 loading class org/jetbrains/kotlin/com/intellij/psi/JavaDocTokenType done
Event: 4.492 loading class org/jetbrains/kotlin/com/intellij/psi/JavaTokenType
Event: 4.492 loading class org/jetbrains/kotlin/com/intellij/psi/JavaTokenType done
Event: 4.492 loading class org/jetbrains/kotlin/com/intellij/psi/impl/source/tree/JavaDocElementType
Event: 4.492 loading class org/jetbrains/kotlin/com/intellij/psi/impl/source/tree/JavaDocElementType done
Event: 4.492 loading class org/jetbrains/kotlin/com/intellij/psi/impl/source/tree/JavaElementType
Event: 4.493 loading class org/jetbrains/kotlin/com/intellij/psi/impl/source/tree/JavaElementType done
Event: 4.493 Executing VM operation: G1CollectForAllocation


Dynamic libraries:
0x00007ff788120000 - 0x00007ff78812a000 	C:\Program Files\Android\Android Studio\jre\bin\java.exe
0x00007ffc25930000 - 0x00007ffc25b25000 	C:\WINDOWS\SYSTEM32\ntdll.dll
0x00007ffc01170000 - 0x00007ffc01185000 	C:\Program Files\AVG\Antivirus\aswhook.dll
0x00007ffc23ac0000 - 0x00007ffc23b7d000 	C:\WINDOWS\System32\KERNEL32.DLL
0x00007ffc23190000 - 0x00007ffc23459000 	C:\WINDOWS\System32\KERNELBASE.dll
0x00007ffc20a00000 - 0x00007ffc20a90000 	C:\WINDOWS\SYSTEM32\apphelp.dll
0x00007ffc23510000 - 0x00007ffc23610000 	C:\WINDOWS\System32\ucrtbase.dll
0x00007ffc117b0000 - 0x00007ffc117c9000 	C:\Program Files\Android\Android Studio\jre\bin\jli.dll
0x00007ffc09840000 - 0x00007ffc09857000 	C:\Program Files\Android\Android Studio\jre\bin\VCRUNTIME140.dll
0x00007ffc25730000 - 0x00007ffc258d0000 	C:\WINDOWS\System32\USER32.dll
0x00007ffc236f0000 - 0x00007ffc23712000 	C:\WINDOWS\System32\win32u.dll
0x00007ffc23fb0000 - 0x00007ffc23fda000 	C:\WINDOWS\System32\GDI32.dll
0x00007ffc0b4e0000 - 0x00007ffc0b77a000 	C:\WINDOWS\WinSxS\amd64_microsoft.windows.common-controls_6595b64144ccf1df_6.0.19041.1110_none_60b5254171f9507e\COMCTL32.dll
0x00007ffc23880000 - 0x00007ffc2398b000 	C:\WINDOWS\System32\gdi32full.dll
0x00007ffc23de0000 - 0x00007ffc23e7e000 	C:\WINDOWS\System32\msvcrt.dll
0x00007ffc230f0000 - 0x00007ffc2318d000 	C:\WINDOWS\System32\msvcp_win.dll
0x00007ffc25650000 - 0x00007ffc25680000 	C:\WINDOWS\System32\IMM32.DLL
0x00007ffbeec90000 - 0x00007ffbeed2d000 	C:\Program Files\Android\Android Studio\jre\bin\msvcp140.dll
0x00007ffbeeda0000 - 0x00007ffbef86f000 	C:\Program Files\Android\Android Studio\jre\bin\server\jvm.dll
0x00007ffc25240000 - 0x00007ffc252ec000 	C:\WINDOWS\System32\ADVAPI32.dll
0x00007ffc23ce0000 - 0x00007ffc23d7b000 	C:\WINDOWS\System32\sechost.dll
0x00007ffc23ff0000 - 0x00007ffc2411a000 	C:\WINDOWS\System32\RPCRT4.dll
0x00007ffc24e40000 - 0x00007ffc24e48000 	C:\WINDOWS\System32\PSAPI.DLL
0x00007ffc11fa0000 - 0x00007ffc11fa9000 	C:\WINDOWS\SYSTEM32\WSOCK32.dll
0x00007ffc1c9b0000 - 0x00007ffc1c9d7000 	C:\WINDOWS\SYSTEM32\WINMM.dll
0x00007ffc241b0000 - 0x00007ffc2421b000 	C:\WINDOWS\System32\WS2_32.dll
0x00007ffc1e7f0000 - 0x00007ffc1e7fa000 	C:\WINDOWS\SYSTEM32\VERSION.dll
0x00007ffc20f70000 - 0x00007ffc20f82000 	C:\WINDOWS\SYSTEM32\kernel.appcore.dll
0x00007ffc1e900000 - 0x00007ffc1e911000 	C:\Program Files\Android\Android Studio\jre\bin\verify.dll
0x00007ffc1b880000 - 0x00007ffc1ba64000 	C:\WINDOWS\SYSTEM32\DBGHELP.DLL
0x00007ffc1be90000 - 0x00007ffc1bebc000 	C:\WINDOWS\SYSTEM32\dbgcore.DLL
0x00007ffc23060000 - 0x00007ffc230e3000 	C:\WINDOWS\System32\bcryptPrimitives.dll
0x00007ffc1e8d0000 - 0x00007ffc1e8f9000 	C:\Program Files\Android\Android Studio\jre\bin\java.dll
0x00007ffc1ea90000 - 0x00007ffc1ea9b000 	C:\Program Files\Android\Android Studio\jre\bin\jimage.dll
0x00007ffc11e30000 - 0x00007ffc11e48000 	C:\Program Files\Android\Android Studio\jre\bin\zip.dll
0x00007ffc246a0000 - 0x00007ffc24ddf000 	C:\WINDOWS\System32\SHELL32.dll
0x00007ffc21170000 - 0x00007ffc21900000 	C:\WINDOWS\SYSTEM32\windows.storage.dll
0x00007ffc252f0000 - 0x00007ffc25645000 	C:\WINDOWS\System32\combase.dll
0x00007ffc229f0000 - 0x00007ffc22a1c000 	C:\WINDOWS\SYSTEM32\Wldp.dll
0x00007ffc24e50000 - 0x00007ffc24efe000 	C:\WINDOWS\System32\SHCORE.dll
0x00007ffc23d80000 - 0x00007ffc23dd5000 	C:\WINDOWS\System32\shlwapi.dll
0x00007ffc22fa0000 - 0x00007ffc22fbf000 	C:\WINDOWS\SYSTEM32\profapi.dll
0x00007ffc11cf0000 - 0x00007ffc11d0a000 	C:\Program Files\Android\Android Studio\jre\bin\net.dll
0x00007ffc12920000 - 0x00007ffc12a28000 	C:\WINDOWS\SYSTEM32\WINHTTP.dll
0x00007ffc22750000 - 0x00007ffc227ba000 	C:\WINDOWS\system32\mswsock.dll
0x00007ffc11cd0000 - 0x00007ffc11ce4000 	C:\Program Files\Android\Android Studio\jre\bin\nio.dll

dbghelp: loaded successfully - version: 4.0.5 - missing functions: none
symbol engine: initialized successfully - sym options: 0x614 - pdb path: .;C:\Program Files\Android\Android Studio\jre\bin;C:\WINDOWS\SYSTEM32;C:\Program Files\AVG\Antivirus;C:\WINDOWS\WinSxS\amd64_microsoft.windows.common-controls_6595b64144ccf1df_6.0.19041.1110_none_60b5254171f9507e;C:\Program Files\Android\Android Studio\jre\bin\server

VM Arguments:
java_command: org.jetbrains.kotlin.cli.jvm.K2JVMCompiler @D:\PDP\Android\Projects\USSDUzmobile\app\build\20210831_16779004881119957130.compiler.options
java_class_path (initial): C:\Users\Lenovo\.gradle\caches\modules-2\files-2.1\org.jetbrains.kotlin\kotlin-compiler-embeddable\1.5.30\3362a354066df1578a057c200da23cf2a1d8144f\kotlin-compiler-embeddable-1.5.30.jar;C:\Users\Lenovo\.gradle\caches\modules-2\files-2.1\org.jetbrains.kotlin\kotlin-reflect\1.5.30\6773e974437dd6432aa646cc2f8ab71de42b5773\kotlin-reflect-1.5.30.jar;C:\Users\Lenovo\.gradle\caches\modules-2\files-2.1\org.jetbrains.kotlin\kotlin-stdlib\1.5.30\d68efdea04955974ac1020f8f66ef8176bfbce1f\kotlin-stdlib-1.5.30.jar;C:\Users\Lenovo\.gradle\caches\modules-2\files-2.1\org.jetbrains.kotlin\kotlin-script-runtime\1.5.30\10697ab20bfd2f1b23baa91306950c36c4e89a8d\kotlin-script-runtime-1.5.30.jar;C:\Users\Lenovo\.gradle\caches\modules-2\files-2.1\org.jetbrains.kotlin\kotlin-daemon-embeddable\1.5.30\e355dc9011e559a475608265607948109e113ae0\kotlin-daemon-embeddable-1.5.30.jar;C:\Users\Lenovo\.gradle\caches\modules-2\files-2.1\org.jetbrains.intellij.deps\trove4j\1.0.20181211\216c2e14b070f334479d800987affe4054cd563f\trove4j-1.0.20181211.jar;C:\Users\Lenovo\.gradle\caches\modules-2\files-2.1\org.jetbrains\annotations\13.0\919f0dfe192fb4e063e7dacadee7f8bb9a2672a9\annotations-13.0.jar;C:\Users\Lenovo\.gradle\caches\modules-2\files-2.1\org.jetbrains.kotlin\kotlin-stdlib-common\1.5.30\649ffab7767038323fec0cc41e2d7b0a8f65a378\kotlin-stdlib-common-1.5.30.jar
Launcher Type: SUN_STANDARD

[Global flags]
     intx CICompilerCount                          = 3                                         {product} {ergonomic}
     uint ConcGCThreads                            = 1                                         {product} {ergonomic}
     uint G1ConcRefinementThreads                  = 4                                         {product} {ergonomic}
   size_t G1HeapRegionSize                         = 1048576                                   {product} {ergonomic}
    uintx GCDrainStackTargetSize                   = 64                                        {product} {ergonomic}
   size_t InitialHeapSize                          = 132120576                                 {product} {ergonomic}
   size_t MarkStackSize                            = 4194304                                   {product} {ergonomic}
   size_t MaxHeapSize                              = 2113929216                                {product} {ergonomic}
   size_t MaxNewSize                               = 1267728384                                {product} {ergonomic}
   size_t MinHeapDeltaBytes                        = 1048576                                   {product} {ergonomic}
    uintx NonNMethodCodeHeapSize                   = 5830732                                {pd product} {ergonomic}
    uintx NonProfiledCodeHeapSize                  = 122913754                              {pd product} {ergonomic}
    uintx ProfiledCodeHeapSize                     = 122913754                              {pd product} {ergonomic}
    uintx ReservedCodeCacheSize                    = 251658240                              {pd product} {ergonomic}
     bool SegmentedCodeCache                       = true                                      {product} {ergonomic}
     bool UseCompressedClassPointers               = true                                 {lp64_product} {ergonomic}
     bool UseCompressedOops                        = true                                 {lp64_product} {ergonomic}
     bool UseG1GC                                  = true                                      {product} {ergonomic}
     bool UseLargePagesIndividualAllocation        = false                                  {pd product} {ergonomic}

Logging:
Log output configuration:
 #0: stdout all=warning uptime,level,tags
 #1: stderr all=off uptime,level,tags

Environment Variables:
JAVA_HOME=C:\Program Files\Java\jdk1.8.0_261
PATH=C:\Program Files (x86)\Intel\Intel(R) Management Engine Components\iCLS\;C:\Program Files\Intel\Intel(R) Management Engine Components\iCLS\;C:\Program Files (x86)\NVIDIA Corporation\PhysX\Common;C:\Program Files (x86)\Common Files\Intel\Shared Libraries\redist\intel64\compiler;C:\Program Files (x86)\Google\Chrome\Application;C:\Windows\system32;C:\Windows;C:\Windows\System32\Wbem;C:\Windows\System32\WindowsPowerShell\v1.0\;C:\Windows\System32\OpenSSH\;C:\Users\Lenovo\AppData\Local\Microsoft\WindowsApps;C:\adb;C:\WINDOWS\system32;C:\WINDOWS;C:\WINDOWS\System32\Wbem;C:\WINDOWS\System32\WindowsPowerShell\v1.0\;C:\WINDOWS\System32\OpenSSH\;c:\Program Files (x86)\Intel\Intel(R) Management Engine Components\DAL;c:\Program Files\Intel\Intel(R) Management Engine Components\DAL;c:\Program Files (x86)\Intel\Intel(R) Management Engine Components\IPT;c:\Program Files\Intel\Intel(R) Management Engine Components\IPT;D:\3dMax\;C:\Program Files\Common Files\Autodesk Shared\;C:\Program Files\Git\cmd;C:\Users\Lenovo\AppData\Local\Microsoft\WindowsApps;
USERNAME=Lenovo
OS=Windows_NT
PROCESSOR_IDENTIFIER=Intel64 Family 6 Model 142 Stepping 9, GenuineIntel



---------------  S Y S T E M  ---------------

OS: Windows 10 , 64 bit Build 19041 (10.0.19041.1151)
OS uptime: 4 days 3:23 hours

CPU:total 4 (initial active 4) (2 cores per cpu, 2 threads per core) family 6 model 142 stepping 9 microcode 0xde, cmov, cx8, fxsr, mmx, sse, sse2, sse3, ssse3, sse4.1, sse4.2, popcnt, avx, avx2, aes, clmul, erms, 3dnowpref, lzcnt, ht, tsc, tscinvbit, bmi1, bmi2, adx, fma

Memory: 4k page, system-wide physical 8058M (457M free)
TotalPageFile size 12058M (AvailPageFile size 39M)
current process WorkingSet (physical memory assigned to process): 238M, peak: 239M
current process commit charge ("private bytes"): 308M, peak: 344M

vm_info: OpenJDK 64-Bit Server VM (11.0.10+0-b96-7249189) for windows-amd64 JRE (11.0.10+0-b96-7249189), built on Mar 31 2021 21:44:00 by "builder" with MS VC++ 14.0 (VS2015)

END.
